<?xml version="1.0" encoding="UTF-8"?>
<testng-results ignored="0" total="1" passed="0" failed="1" skipped="0">
  <reporter-output>
    <line>
      <![CDATA[login Successful]]>
    </line>
    <line>
      <![CDATA[logout Successful]]>
    </line>
  </reporter-output>
  <suite started-at="2023-01-12T17:32:37 IST" name="Default suite" finished-at="2023-01-12T17:32:57 IST" duration-ms="20887">
    <groups>
    </groups>
    <test started-at="2023-01-12T17:32:37 IST" name="Default test" finished-at="2023-01-12T17:32:57 IST" duration-ms="20887">
      <class name="op.testScript.LogoutTest">
        <test-method is-config="true" signature="launchBrowser()[pri:0, instance:op.testScript.LogoutTest@3ce1e309]" started-at="2023-01-12T17:32:37 IST" name="launchBrowser" finished-at="2023-01-12T17:32:48 IST" duration-ms="11889" status="PASS">
          <reporter-output>
          </reporter-output>
        </test-method> <!-- launchBrowser -->
        <test-method is-config="true" signature="launchWebSite()[pri:0, instance:op.testScript.LogoutTest@3ce1e309]" started-at="2023-01-12T17:32:49 IST" name="launchWebSite" finished-at="2023-01-12T17:32:55 IST" duration-ms="6819" status="PASS">
          <reporter-output>
            <line>
              <![CDATA[login Successful]]>
            </line>
          </reporter-output>
        </test-method> <!-- launchWebSite -->
        <test-method signature="logoutFunction()[pri:2, instance:op.testScript.LogoutTest@3ce1e309]" started-at="2023-01-12T17:32:55 IST" name="logoutFunction" finished-at="2023-01-12T17:32:55 IST" duration-ms="12" status="FAIL">
          <exception class="java.lang.NullPointerException">
            <message>
              <![CDATA[Cannot invoke "org.openqa.selenium.WebDriver.findElement(org.openqa.selenium.By)" because "this.driver" is null]]>
            </message>
            <full-stacktrace>
              <![CDATA[java.lang.NullPointerException: Cannot invoke "org.openqa.selenium.WebDriver.findElement(org.openqa.selenium.By)" because "this.driver" is null
at op.testScript.LoginTest.loginFunction(LoginTest.java:16)
at op.testScript.LogoutTest.logoutFunction(LogoutTest.java:14)
at java.base/jdk.internal.reflect.DirectMethodHandleAccessor.invoke(DirectMethodHandleAccessor.java:104)
at java.base/java.lang.reflect.Method.invoke(Method.java:577)
at org.testng.internal.MethodInvocationHelper.invokeMethod(MethodInvocationHelper.java:132)
at org.testng.internal.TestInvoker.invokeMethod(TestInvoker.java:599)
at org.testng.internal.TestInvoker.invokeTestMethod(TestInvoker.java:174)
at org.testng.internal.MethodRunner.runInSequence(MethodRunner.java:46)
at org.testng.internal.TestInvoker$MethodInvocationAgent.invoke(TestInvoker.java:822)
at org.testng.internal.TestInvoker.invokeTestMethods(TestInvoker.java:147)
at org.testng.internal.TestMethodWorker.invokeTestMethods(TestMethodWorker.java:146)
at org.testng.internal.TestMethodWorker.run(TestMethodWorker.java:128)
at java.base/java.util.ArrayList.forEach(ArrayList.java:1511)
at org.testng.TestRunner.privateRun(TestRunner.java:764)
at org.testng.TestRunner.run(TestRunner.java:585)
at org.testng.SuiteRunner.runTest(SuiteRunner.java:384)
at org.testng.SuiteRunner.runSequentially(SuiteRunner.java:378)
at org.testng.SuiteRunner.privateRun(SuiteRunner.java:337)
at org.testng.SuiteRunner.run(SuiteRunner.java:286)
at org.testng.SuiteRunnerWorker.runSuite(SuiteRunnerWorker.java:53)
at org.testng.SuiteRunnerWorker.run(SuiteRunnerWorker.java:96)
at org.testng.TestNG.runSuitesSequentially(TestNG.java:1218)
at org.testng.TestNG.runSuitesLocally(TestNG.java:1140)
at org.testng.TestNG.runSuites(TestNG.java:1069)
at org.testng.TestNG.run(TestNG.java:1037)
at org.testng.remote.AbstractRemoteTestNG.run(AbstractRemoteTestNG.java:115)
at org.testng.remote.RemoteTestNG.initAndRun(RemoteTestNG.java:251)
at org.testng.remote.RemoteTestNG.main(RemoteTestNG.java:77)
]]>
            </full-stacktrace>
          </exception> <!-- java.lang.NullPointerException -->
          <reporter-output>
          </reporter-output>
        </test-method> <!-- logoutFunction -->
        <test-method is-config="true" signature="logout()[pri:0, instance:op.testScript.LogoutTest@3ce1e309]" started-at="2023-01-12T17:32:55 IST" name="logout" finished-at="2023-01-12T17:32:56 IST" duration-ms="585" status="PASS">
          <reporter-output>
            <line>
              <![CDATA[logout Successful]]>
            </line>
          </reporter-output>
        </test-method> <!-- logout -->
        <test-method is-config="true" signature="closeBrowser()[pri:0, instance:op.testScript.LogoutTest@3ce1e309]" started-at="2023-01-12T17:32:56 IST" name="closeBrowser" finished-at="2023-01-12T17:32:57 IST" duration-ms="1450" status="PASS">
          <reporter-output>
          </reporter-output>
        </test-method> <!-- closeBrowser -->
      </class> <!-- op.testScript.LogoutTest -->
    </test> <!-- Default test -->
  </suite> <!-- Default suite -->
</testng-results>
