<?xml version="1.0" encoding="UTF-8"?>
<testng-results ignored="0" total="7" passed="7" failed="0" skipped="0">
  <reporter-output>
  </reporter-output>
  <suite started-at="2023-02-17T14:42:39 IST" name="Default suite" finished-at="2023-02-17T14:43:00 IST" duration-ms="20873">
    <groups>
    </groups>
    <test started-at="2023-02-17T14:42:39 IST" name="Default test" finished-at="2023-02-17T14:43:00 IST" duration-ms="20873">
      <class name="nocommerce.testscripts.Test1">
        <test-method signature="launchApplication()[pri:0, instance:nocommerce.testscripts.Test1@123ef382]" started-at="2023-02-17T14:42:39 IST" name="launchApplication" finished-at="2023-02-17T14:42:51 IST" duration-ms="11418" status="PASS">
          <reporter-output>
          </reporter-output>
        </test-method> <!-- launchApplication -->
        <test-method signature="launchNoCommerce()[pri:1, instance:nocommerce.testscripts.Test1@123ef382]" started-at="2023-02-17T14:42:51 IST" name="launchNoCommerce" finished-at="2023-02-17T14:42:55 IST" duration-ms="4306" status="PASS">
          <reporter-output>
          </reporter-output>
        </test-method> <!-- launchNoCommerce -->
        <test-method signature="clickLogo()[pri:2, instance:nocommerce.testscripts.Test1@123ef382]" started-at="2023-02-17T14:42:55 IST" name="clickLogo" finished-at="2023-02-17T14:42:56 IST" duration-ms="1440" status="PASS">
          <reporter-output>
          </reporter-output>
        </test-method> <!-- clickLogo -->
        <test-method signature="registerButton()[pri:3, instance:nocommerce.testscripts.Test1@123ef382]" started-at="2023-02-17T14:42:56 IST" name="registerButton" finished-at="2023-02-17T14:42:57 IST" duration-ms="613" status="PASS">
          <reporter-output>
          </reporter-output>
        </test-method> <!-- registerButton -->
        <test-method signature="wishListButton()[pri:4, instance:nocommerce.testscripts.Test1@123ef382]" started-at="2023-02-17T14:42:57 IST" name="wishListButton" finished-at="2023-02-17T14:42:57 IST" duration-ms="540" status="PASS">
          <reporter-output>
          </reporter-output>
        </test-method> <!-- wishListButton -->
        <test-method signature="loginButton()[pri:5, instance:nocommerce.testscripts.Test1@123ef382]" started-at="2023-02-17T14:42:57 IST" name="loginButton" finished-at="2023-02-17T14:42:58 IST" duration-ms="506" status="PASS">
          <reporter-output>
          </reporter-output>
        </test-method> <!-- loginButton -->
        <test-method signature="closeBrowser()[pri:99, instance:nocommerce.testscripts.Test1@123ef382]" started-at="2023-02-17T14:42:58 IST" name="closeBrowser" finished-at="2023-02-17T14:43:00 IST" duration-ms="1955" status="PASS">
          <reporter-output>
          </reporter-output>
        </test-method> <!-- closeBrowser -->
      </class> <!-- nocommerce.testscripts.Test1 -->
    </test> <!-- Default test -->
  </suite> <!-- Default suite -->
</testng-results>
