<?xml version="1.0" encoding="UTF-8"?>
<!-- Generated by org.testng.reporters.JUnitXMLReporter -->
<testsuite ignored="0" hostname="Tilak" failures="0" tests="7" name="Default test" time="20.873" errors="0" timestamp="2023-02-17T14:43:01 IST">
  <testcase classname="nocommerce.testscripts.Test1" name="launchApplication" time="11.418"/>
  <testcase classname="nocommerce.testscripts.Test1" name="launchNoCommerce" time="4.306"/>
  <testcase classname="nocommerce.testscripts.Test1" name="clickLogo" time="1.44"/>
  <testcase classname="nocommerce.testscripts.Test1" name="registerButton" time="0.613"/>
  <testcase classname="nocommerce.testscripts.Test1" name="wishListButton" time="0.54"/>
  <testcase classname="nocommerce.testscripts.Test1" name="loginButton" time="0.506"/>
  <testcase classname="nocommerce.testscripts.Test1" name="closeBrowser" time="1.955"/>
</testsuite> <!-- Default test -->
